modules/killio-screen/android/build/intermediates/manifest_merge_blame_file/debug/processDebugManifest/manifest-merger-blame-debug-report.txt
1<?xml version="1.0" encoding="utf-8"?>
2<manifest xmlns:android="http://schemas.android.com/apk/res/android"
3    package="dev.killio.screen" >
4
5    <uses-sdk android:minSdkVersion="24" />
6    <!--
7    MediaProjection-typed foreground service + the invisible consent Activity.
8    The FOREGROUND_SERVICE_MEDIA_PROJECTION permission is declared by the app
9    manifest via the withVaultCapture config plugin so it merges into the APK.
10    -->
11    <application>
11-->src\main\AndroidManifest.xml:7:3-18:17
12        <activity
12-->src\main\AndroidManifest.xml:8:5-12:34
13            android:name="dev.killio.screen.ProjectionConsentActivity"
13-->src\main\AndroidManifest.xml:9:7-65
14            android:excludeFromRecents="true"
14-->src\main\AndroidManifest.xml:11:7-40
15            android:exported="false"
15-->src\main\AndroidManifest.xml:12:7-31
16            android:theme="@android:style/Theme.Translucent.NoTitleBar" />
16-->src\main\AndroidManifest.xml:10:7-66
17
18        <service
18-->src\main\AndroidManifest.xml:14:5-17:57
19            android:name="dev.killio.screen.ScreenCaptureService"
19-->src\main\AndroidManifest.xml:15:7-60
20            android:exported="false"
20-->src\main\AndroidManifest.xml:16:7-31
21            android:foregroundServiceType="mediaProjection" />
21-->src\main\AndroidManifest.xml:17:7-54
22    </application>
23
24</manifest>